<?xml version="1.0" encoding="UTF-8"?>
<testsuite name="com.ccuk.AuditLogProducerApplicationTests" tests="1" skipped="0" failures="0" errors="0" timestamp="2018-11-13T17:15:26" hostname="UKCCOL0403WOK" time="0.05">
  <properties/>
  <testcase name="contextLoads" classname="com.ccuk.AuditLogProducerApplicationTests" time="0.05"/>
  <system-out><![CDATA[17:15:16.952 [Test worker] DEBUG org.springframework.test.context.junit4.SpringJUnit4ClassRunner - SpringJUnit4ClassRunner constructor called with [class com.ccuk.AuditLogProducerApplicationTests]
17:15:16.963 [Test worker] DEBUG org.springframework.test.context.BootstrapUtils - Instantiating CacheAwareContextLoaderDelegate from class [org.springframework.test.context.cache.DefaultCacheAwareContextLoaderDelegate]
17:15:16.990 [Test worker] DEBUG org.springframework.test.context.BootstrapUtils - Instantiating BootstrapContext using constructor [public org.springframework.test.context.support.DefaultBootstrapContext(java.lang.Class,org.springframework.test.context.CacheAwareContextLoaderDelegate)]
17:15:17.032 [Test worker] DEBUG org.springframework.test.context.BootstrapUtils - Instantiating TestContextBootstrapper for test class [com.ccuk.AuditLogProducerApplicationTests] from class [org.springframework.boot.test.context.SpringBootTestContextBootstrapper]
17:15:17.067 [Test worker] INFO org.springframework.boot.test.context.SpringBootTestContextBootstrapper - Neither @ContextConfiguration nor @ContextHierarchy found for test class [com.ccuk.AuditLogProducerApplicationTests], using SpringBootContextLoader
17:15:17.076 [Test worker] DEBUG org.springframework.test.context.support.AbstractContextLoader - Did not detect default resource location for test class [com.ccuk.AuditLogProducerApplicationTests]: class path resource [com/ccuk/AuditLogProducerApplicationTests-context.xml] does not exist
17:15:17.077 [Test worker] DEBUG org.springframework.test.context.support.AbstractContextLoader - Did not detect default resource location for test class [com.ccuk.AuditLogProducerApplicationTests]: class path resource [com/ccuk/AuditLogProducerApplicationTestsContext.groovy] does not exist
17:15:17.078 [Test worker] INFO org.springframework.test.context.support.AbstractContextLoader - Could not detect default resource locations for test class [com.ccuk.AuditLogProducerApplicationTests]: no resource found for suffixes {-context.xml, Context.groovy}.
17:15:17.080 [Test worker] INFO org.springframework.test.context.support.AnnotationConfigContextLoaderUtils - Could not detect default configuration classes for test class [com.ccuk.AuditLogProducerApplicationTests]: AuditLogProducerApplicationTests does not declare any static, non-private, non-final, nested classes annotated with @Configuration.
17:15:17.178 [Test worker] DEBUG org.springframework.test.context.support.ActiveProfilesUtils - Could not find an 'annotation declaring class' for annotation type [org.springframework.test.context.ActiveProfiles] and class [com.ccuk.AuditLogProducerApplicationTests]
17:15:17.202 [Test worker] DEBUG org.springframework.core.env.StandardEnvironment - Adding [systemProperties] PropertySource with lowest search precedence
17:15:17.204 [Test worker] DEBUG org.springframework.core.env.StandardEnvironment - Adding [systemEnvironment] PropertySource with lowest search precedence
17:15:17.205 [Test worker] DEBUG org.springframework.core.env.StandardEnvironment - Initialized StandardEnvironment with PropertySources [systemProperties,systemEnvironment]
17:15:17.238 [Test worker] DEBUG org.springframework.core.io.support.PathMatchingResourcePatternResolver - Resolved classpath location [com/ccuk/] to resources [URL [file:/C:/CCUKCMS/audit-log-producer/build/classes/java/test/com/ccuk/], URL [file:/C:/CCUKCMS/audit-log-producer/build/classes/java/main/com/ccuk/]]
17:15:17.239 [Test worker] DEBUG org.springframework.core.io.support.PathMatchingResourcePatternResolver - Looking for matching resources in directory tree [C:\CCUKCMS\audit-log-producer\build\classes\java\test\com\ccuk]
17:15:17.239 [Test worker] DEBUG org.springframework.core.io.support.PathMatchingResourcePatternResolver - Searching directory [C:\CCUKCMS\audit-log-producer\build\classes\java\test\com\ccuk] for files matching pattern [C:/CCUKCMS/audit-log-producer/build/classes/java/test/com/ccuk/*.class]
17:15:17.247 [Test worker] DEBUG org.springframework.core.io.support.PathMatchingResourcePatternResolver - Looking for matching resources in directory tree [C:\CCUKCMS\audit-log-producer\build\classes\java\main\com\ccuk]
17:15:17.248 [Test worker] DEBUG org.springframework.core.io.support.PathMatchingResourcePatternResolver - Searching directory [C:\CCUKCMS\audit-log-producer\build\classes\java\main\com\ccuk] for files matching pattern [C:/CCUKCMS/audit-log-producer/build/classes/java/main/com/ccuk/*.class]
17:15:17.251 [Test worker] DEBUG org.springframework.core.io.support.PathMatchingResourcePatternResolver - Resolved location pattern [classpath*:com/ccuk/*.class] to resources [file [C:\CCUKCMS\audit-log-producer\build\classes\java\test\com\ccuk\AuditLogProducerApplicationTests.class], file [C:\CCUKCMS\audit-log-producer\build\classes\java\main\com\ccuk\AuditLogProducerApplication.class]]
17:15:17.392 [Test worker] DEBUG org.springframework.context.annotation.ClassPathScanningCandidateComponentProvider - Identified candidate component class: file [C:\CCUKCMS\audit-log-producer\build\classes\java\main\com\ccuk\AuditLogProducerApplication.class]
17:15:17.398 [Test worker] INFO org.springframework.boot.test.context.SpringBootTestContextBootstrapper - Found @SpringBootConfiguration com.ccuk.AuditLogProducerApplication for test class com.ccuk.AuditLogProducerApplicationTests
17:15:17.411 [Test worker] DEBUG org.springframework.boot.test.context.SpringBootTestContextBootstrapper - @TestExecutionListeners is not present for class [com.ccuk.AuditLogProducerApplicationTests]: using defaults.
17:15:17.419 [Test worker] INFO org.springframework.boot.test.context.SpringBootTestContextBootstrapper - Loaded default TestExecutionListener class names from location [META-INF/spring.factories]: [org.springframework.boot.test.autoconfigure.restdocs.RestDocsTestExecutionListener, org.springframework.boot.test.autoconfigure.web.client.MockRestServiceServerResetTestExecutionListener, org.springframework.boot.test.autoconfigure.web.servlet.MockMvcPrintOnlyOnFailureTestExecutionListener, org.springframework.boot.test.autoconfigure.web.servlet.WebDriverTestExecutionListener, org.springframework.boot.test.mock.mockito.MockitoTestExecutionListener, org.springframework.boot.test.mock.mockito.ResetMocksTestExecutionListener, org.springframework.test.context.web.ServletTestExecutionListener, org.springframework.test.context.support.DirtiesContextBeforeModesTestExecutionListener, org.springframework.test.context.support.DependencyInjectionTestExecutionListener, org.springframework.test.context.support.DirtiesContextTestExecutionListener, org.springframework.test.context.transaction.TransactionalTestExecutionListener, org.springframework.test.context.jdbc.SqlScriptsTestExecutionListener]
17:15:17.467 [Test worker] INFO org.springframework.boot.test.context.SpringBootTestContextBootstrapper - Using TestExecutionListeners: [org.springframework.test.context.web.ServletTestExecutionListener@45e54042, org.springframework.test.context.support.DirtiesContextBeforeModesTestExecutionListener@4dd4686c, org.springframework.boot.test.autoconfigure.SpringBootDependencyInjectionTestExecutionListener@575b93c3, org.springframework.test.context.support.DirtiesContextTestExecutionListener@5a2082f0, org.springframework.test.context.transaction.TransactionalTestExecutionListener@35a82ea6, org.springframework.test.context.jdbc.SqlScriptsTestExecutionListener@5b51a777, org.springframework.boot.test.autoconfigure.restdocs.RestDocsTestExecutionListener@509ff255, org.springframework.boot.test.autoconfigure.web.servlet.WebDriverTestExecutionListener@e76ddb4, org.springframework.boot.test.autoconfigure.web.client.MockRestServiceServerResetTestExecutionListener@7a5f1fc2, org.springframework.boot.test.autoconfigure.web.servlet.MockMvcPrintOnlyOnFailureTestExecutionListener@2c6375e1, org.springframework.boot.test.mock.mockito.ResetMocksTestExecutionListener@3413762, org.springframework.boot.test.mock.mockito.MockitoTestExecutionListener@3b62c1c3]
17:15:17.472 [Test worker] DEBUG org.springframework.test.annotation.ProfileValueUtils - Retrieved @ProfileValueSourceConfiguration [null] for test class [com.ccuk.AuditLogProducerApplicationTests]
17:15:17.473 [Test worker] DEBUG org.springframework.test.annotation.ProfileValueUtils - Retrieved ProfileValueSource type [class org.springframework.test.annotation.SystemProfileValueSource] for class [com.ccuk.AuditLogProducerApplicationTests]
17:15:17.476 [Test worker] DEBUG org.springframework.test.annotation.ProfileValueUtils - Retrieved @ProfileValueSourceConfiguration [null] for test class [com.ccuk.AuditLogProducerApplicationTests]
17:15:17.476 [Test worker] DEBUG org.springframework.test.annotation.ProfileValueUtils - Retrieved ProfileValueSource type [class org.springframework.test.annotation.SystemProfileValueSource] for class [com.ccuk.AuditLogProducerApplicationTests]
17:15:17.486 [Test worker] DEBUG org.springframework.test.context.support.AbstractDirtiesContextTestExecutionListener - Before test class: context [DefaultTestContext@60c5f056 testClass = AuditLogProducerApplicationTests, testInstance = [null], testMethod = [null], testException = [null], mergedContextConfiguration = [WebMergedContextConfiguration@7c8e9efa testClass = AuditLogProducerApplicationTests, locations = '{}', classes = '{class com.ccuk.AuditLogProducerApplication}', contextInitializerClasses = '[]', activeProfiles = '{}', propertySourceLocations = '{}', propertySourceProperties = '{org.springframework.boot.test.context.SpringBootTestContextBootstrapper=true}', contextCustomizers = set[org.springframework.boot.test.autoconfigure.properties.PropertyMappingContextCustomizer@0, org.springframework.boot.test.autoconfigure.web.servlet.WebDriverContextCustomizerFactory$Customizer@1b6fa241, org.springframework.boot.test.context.SpringBootTestContextCustomizer@6e2911f2, org.springframework.boot.test.context.filter.ExcludeFilterContextCustomizer@62b01b69, org.springframework.boot.test.json.DuplicateJsonObjectContextCustomizerFactory$DuplicateJsonObjectContextCustomizer@27075ebe, org.springframework.boot.test.mock.mockito.MockitoContextCustomizer@0], resourceBasePath = 'src/main/webapp', contextLoader = 'org.springframework.boot.test.context.SpringBootContextLoader', parent = [null]]], class annotated with @DirtiesContext [false] with mode [null].
17:15:17.488 [Test worker] DEBUG org.springframework.test.annotation.ProfileValueUtils - Retrieved @ProfileValueSourceConfiguration [null] for test class [com.ccuk.AuditLogProducerApplicationTests]
17:15:17.488 [Test worker] DEBUG org.springframework.test.annotation.ProfileValueUtils - Retrieved ProfileValueSource type [class org.springframework.test.annotation.SystemProfileValueSource] for class [com.ccuk.AuditLogProducerApplicationTests]
17:15:17.626 [Test worker] DEBUG org.springframework.core.env.StandardEnvironment - Adding [systemProperties] PropertySource with lowest search precedence
17:15:17.626 [Test worker] DEBUG org.springframework.core.env.StandardEnvironment - Adding [systemEnvironment] PropertySource with lowest search precedence
17:15:17.626 [Test worker] DEBUG org.springframework.core.env.StandardEnvironment - Initialized StandardEnvironment with PropertySources [systemProperties,systemEnvironment]
17:15:17.628 [Test worker] DEBUG org.springframework.core.env.MutablePropertySources - Adding [inline] PropertySource with highest search precedence
17:15:17.640 [Test worker] DEBUG org.springframework.test.context.support.TestPropertySourceUtils - Adding inlined properties to environment: {spring.jmx.enabled=false, org.springframework.boot.test.context.SpringBootTestContextBootstrapper=true, server.port=-1}
17:15:17.641 [Test worker] DEBUG org.springframework.core.env.StandardEnvironment - Adding [Inlined Test Properties] PropertySource with highest search precedence

  .   ____          _            __ _ _
 /\\ / ___'_ __ _ _(_)_ __  __ _ \ \ \ \
( ( )\___ | '_ | '_| | '_ \/ _` | \ \ \ \
 \\/  ___)| |_)| | | | | || (_| |  ) ) ) )
  '  |____| .__|_| |_|_| |_\__, | / / / /
 =========|_|==============|___/=/_/_/_/
 :: Spring Boot ::        (v1.5.4.RELEASE)

2018-11-13 17:15:18.264  INFO 10840 --- [    Test worker] c.ccuk.AuditLogProducerApplicationTests  : Starting AuditLogProducerApplicationTests on UKCCOL0403WOK with PID 10840 (started by ukccs1dna in C:\CCUKCMS\audit-log-producer)
2018-11-13 17:15:18.265  INFO 10840 --- [    Test worker] c.ccuk.AuditLogProducerApplicationTests  : No active profile set, falling back to default profiles: default
2018-11-13 17:15:18.376  INFO 10840 --- [    Test worker] o.s.w.c.s.GenericWebApplicationContext   : Refreshing org.springframework.web.context.support.GenericWebApplicationContext@7476aa67: startup date [Tue Nov 13 17:15:18 GMT 2018]; root of context hierarchy
2018-11-13 17:15:21.749  INFO 10840 --- [    Test worker] trationDelegate$BeanPostProcessorChecker : Bean 'org.springframework.amqp.rabbit.annotation.RabbitBootstrapConfiguration' of type [org.springframework.amqp.rabbit.annotation.RabbitBootstrapConfiguration$$EnhancerBySpringCGLIB$$e4a46e65] is not eligible for getting processed by all BeanPostProcessors (for example: not eligible for auto-proxying)
2018-11-13 17:15:22.901  INFO 10840 --- [    Test worker] s.w.s.m.m.a.RequestMappingHandlerMapping : Mapped "{[/audit-queue-service/auditlog],methods=[POST]}" onto public org.springframework.http.ResponseEntity<?> com.ccuk.resource.AuditLogResource.postAuditLog(com.ccuk.model.AuditLog)
2018-11-13 17:15:22.903  INFO 10840 --- [    Test worker] s.w.s.m.m.a.RequestMappingHandlerMapping : Mapped "{[/v2/api-docs],methods=[GET],produces=[application/json || application/hal+json]}" onto public org.springframework.http.ResponseEntity<springfox.documentation.spring.web.json.Json> springfox.documentation.swagger2.web.Swagger2Controller.getDocumentation(java.lang.String,javax.servlet.http.HttpServletRequest)
2018-11-13 17:15:22.906  INFO 10840 --- [    Test worker] s.w.s.m.m.a.RequestMappingHandlerMapping : Mapped "{[/swagger-resources/configuration/security]}" onto org.springframework.http.ResponseEntity<springfox.documentation.swagger.web.SecurityConfiguration> springfox.documentation.swagger.web.ApiResourceController.securityConfiguration()
2018-11-13 17:15:22.908  INFO 10840 --- [    Test worker] s.w.s.m.m.a.RequestMappingHandlerMapping : Mapped "{[/swagger-resources]}" onto org.springframework.http.ResponseEntity<java.util.List<springfox.documentation.swagger.web.SwaggerResource>> springfox.documentation.swagger.web.ApiResourceController.swaggerResources()
2018-11-13 17:15:22.909  INFO 10840 --- [    Test worker] s.w.s.m.m.a.RequestMappingHandlerMapping : Mapped "{[/swagger-resources/configuration/ui]}" onto org.springframework.http.ResponseEntity<springfox.documentation.swagger.web.UiConfiguration> springfox.documentation.swagger.web.ApiResourceController.uiConfiguration()
2018-11-13 17:15:22.915  INFO 10840 --- [    Test worker] s.w.s.m.m.a.RequestMappingHandlerMapping : Mapped "{[/error]}" onto public org.springframework.http.ResponseEntity<java.util.Map<java.lang.String, java.lang.Object>> org.springframework.boot.autoconfigure.web.BasicErrorController.error(javax.servlet.http.HttpServletRequest)
2018-11-13 17:15:22.915  INFO 10840 --- [    Test worker] s.w.s.m.m.a.RequestMappingHandlerMapping : Mapped "{[/error],produces=[text/html]}" onto public org.springframework.web.servlet.ModelAndView org.springframework.boot.autoconfigure.web.BasicErrorController.errorHtml(javax.servlet.http.HttpServletRequest,javax.servlet.http.HttpServletResponse)
2018-11-13 17:15:23.512  INFO 10840 --- [    Test worker] o.s.b.a.e.mvc.EndpointHandlerMapping     : Mapped "{[/configprops || /configprops.json],methods=[GET],produces=[application/vnd.spring-boot.actuator.v1+json || application/json]}" onto public java.lang.Object org.springframework.boot.actuate.endpoint.mvc.EndpointMvcAdapter.invoke()
2018-11-13 17:15:23.514  INFO 10840 --- [    Test worker] o.s.b.a.e.mvc.EndpointHandlerMapping     : Mapped "{[/env/{name:.*}],methods=[GET],produces=[application/vnd.spring-boot.actuator.v1+json || application/json]}" onto public java.lang.Object org.springframework.boot.actuate.endpoint.mvc.EnvironmentMvcEndpoint.value(java.lang.String)
2018-11-13 17:15:23.514  INFO 10840 --- [    Test worker] o.s.b.a.e.mvc.EndpointHandlerMapping     : Mapped "{[/env || /env.json],methods=[GET],produces=[application/vnd.spring-boot.actuator.v1+json || application/json]}" onto public java.lang.Object org.springframework.boot.actuate.endpoint.mvc.EndpointMvcAdapter.invoke()
2018-11-13 17:15:23.515  INFO 10840 --- [    Test worker] o.s.b.a.e.mvc.EndpointHandlerMapping     : Mapped "{[/mappings || /mappings.json],methods=[GET],produces=[application/vnd.spring-boot.actuator.v1+json || application/json]}" onto public java.lang.Object org.springframework.boot.actuate.endpoint.mvc.EndpointMvcAdapter.invoke()
2018-11-13 17:15:23.516  INFO 10840 --- [    Test worker] o.s.b.a.e.mvc.EndpointHandlerMapping     : Mapped "{[/dump || /dump.json],methods=[GET],produces=[application/vnd.spring-boot.actuator.v1+json || application/json]}" onto public java.lang.Object org.springframework.boot.actuate.endpoint.mvc.EndpointMvcAdapter.invoke()
2018-11-13 17:15:23.519  INFO 10840 --- [    Test worker] o.s.b.a.e.mvc.EndpointHandlerMapping     : Mapped "{[/info || /info.json],methods=[GET],produces=[application/vnd.spring-boot.actuator.v1+json || application/json]}" onto public java.lang.Object org.springframework.boot.actuate.endpoint.mvc.EndpointMvcAdapter.invoke()
2018-11-13 17:15:23.520  INFO 10840 --- [    Test worker] o.s.b.a.e.mvc.EndpointHandlerMapping     : Mapped "{[/trace || /trace.json],methods=[GET],produces=[application/vnd.spring-boot.actuator.v1+json || application/json]}" onto public java.lang.Object org.springframework.boot.actuate.endpoint.mvc.EndpointMvcAdapter.invoke()
2018-11-13 17:15:23.522  INFO 10840 --- [    Test worker] o.s.b.a.e.mvc.EndpointHandlerMapping     : Mapped "{[/metrics/{name:.*}],methods=[GET],produces=[application/vnd.spring-boot.actuator.v1+json || application/json]}" onto public java.lang.Object org.springframework.boot.actuate.endpoint.mvc.MetricsMvcEndpoint.value(java.lang.String)
2018-11-13 17:15:23.522  INFO 10840 --- [    Test worker] o.s.b.a.e.mvc.EndpointHandlerMapping     : Mapped "{[/metrics || /metrics.json],methods=[GET],produces=[application/vnd.spring-boot.actuator.v1+json || application/json]}" onto public java.lang.Object org.springframework.boot.actuate.endpoint.mvc.EndpointMvcAdapter.invoke()
2018-11-13 17:15:23.523  INFO 10840 --- [    Test worker] o.s.b.a.e.mvc.EndpointHandlerMapping     : Mapped "{[/beans || /beans.json],methods=[GET],produces=[application/vnd.spring-boot.actuator.v1+json || application/json]}" onto public java.lang.Object org.springframework.boot.actuate.endpoint.mvc.EndpointMvcAdapter.invoke()
2018-11-13 17:15:23.525  INFO 10840 --- [    Test worker] o.s.b.a.e.mvc.EndpointHandlerMapping     : Mapped "{[/autoconfig || /autoconfig.json],methods=[GET],produces=[application/vnd.spring-boot.actuator.v1+json || application/json]}" onto public java.lang.Object org.springframework.boot.actuate.endpoint.mvc.EndpointMvcAdapter.invoke()
2018-11-13 17:15:23.526  INFO 10840 --- [    Test worker] o.s.b.a.e.mvc.EndpointHandlerMapping     : Mapped "{[/health || /health.json],methods=[GET],produces=[application/vnd.spring-boot.actuator.v1+json || application/json]}" onto public java.lang.Object org.springframework.boot.actuate.endpoint.mvc.HealthMvcEndpoint.invoke(javax.servlet.http.HttpServletRequest,java.security.Principal)
2018-11-13 17:15:23.527  INFO 10840 --- [    Test worker] o.s.b.a.e.mvc.EndpointHandlerMapping     : Mapped "{[/auditevents || /auditevents.json],methods=[GET],produces=[application/vnd.spring-boot.actuator.v1+json || application/json]}" onto public org.springframework.http.ResponseEntity<?> org.springframework.boot.actuate.endpoint.mvc.AuditEventsMvcEndpoint.findByPrincipalAndAfterAndType(java.lang.String,java.util.Date,java.lang.String)
2018-11-13 17:15:23.530  INFO 10840 --- [    Test worker] o.s.b.a.e.mvc.EndpointHandlerMapping     : Mapped "{[/loggers/{name:.*}],methods=[GET],produces=[application/vnd.spring-boot.actuator.v1+json || application/json]}" onto public java.lang.Object org.springframework.boot.actuate.endpoint.mvc.LoggersMvcEndpoint.get(java.lang.String)
2018-11-13 17:15:23.531  INFO 10840 --- [    Test worker] o.s.b.a.e.mvc.EndpointHandlerMapping     : Mapped "{[/loggers/{name:.*}],methods=[POST],consumes=[application/vnd.spring-boot.actuator.v1+json || application/json],produces=[application/vnd.spring-boot.actuator.v1+json || application/json]}" onto public java.lang.Object org.springframework.boot.actuate.endpoint.mvc.LoggersMvcEndpoint.set(java.lang.String,java.util.Map<java.lang.String, java.lang.String>)
2018-11-13 17:15:23.531  INFO 10840 --- [    Test worker] o.s.b.a.e.mvc.EndpointHandlerMapping     : Mapped "{[/loggers || /loggers.json],methods=[GET],produces=[application/vnd.spring-boot.actuator.v1+json || application/json]}" onto public java.lang.Object org.springframework.boot.actuate.endpoint.mvc.EndpointMvcAdapter.invoke()
2018-11-13 17:15:23.533  INFO 10840 --- [    Test worker] o.s.b.a.e.mvc.EndpointHandlerMapping     : Mapped "{[/heapdump || /heapdump.json],methods=[GET],produces=[application/octet-stream]}" onto public void org.springframework.boot.actuate.endpoint.mvc.HeapdumpMvcEndpoint.invoke(boolean,javax.servlet.http.HttpServletRequest,javax.servlet.http.HttpServletResponse) throws java.io.IOException,javax.servlet.ServletException
2018-11-13 17:15:24.281  INFO 10840 --- [    Test worker] s.w.s.m.m.a.RequestMappingHandlerAdapter : Looking for @ControllerAdvice: org.springframework.web.context.support.GenericWebApplicationContext@7476aa67: startup date [Tue Nov 13 17:15:18 GMT 2018]; root of context hierarchy
2018-11-13 17:15:24.432  INFO 10840 --- [    Test worker] o.s.w.s.handler.SimpleUrlHandlerMapping  : Mapped URL path [/webjars/**] onto handler of type [class org.springframework.web.servlet.resource.ResourceHttpRequestHandler]
2018-11-13 17:15:24.432  INFO 10840 --- [    Test worker] o.s.w.s.handler.SimpleUrlHandlerMapping  : Mapped URL path [/**] onto handler of type [class org.springframework.web.servlet.resource.ResourceHttpRequestHandler]
2018-11-13 17:15:24.498  INFO 10840 --- [    Test worker] o.s.w.s.handler.SimpleUrlHandlerMapping  : Mapped URL path [/**/favicon.ico] onto handler of type [class org.springframework.web.servlet.resource.ResourceHttpRequestHandler]
2018-11-13 17:15:24.922  INFO 10840 --- [    Test worker] b.a.s.AuthenticationManagerConfiguration : 

Using default security password: 4e142a07-103a-4fe1-96ec-9d9c433f196d

2018-11-13 17:15:25.055  INFO 10840 --- [    Test worker] o.s.s.web.DefaultSecurityFilterChain     : Creating filter chain: OrRequestMatcher [requestMatchers=[Ant [pattern='/css/**'], Ant [pattern='/js/**'], Ant [pattern='/images/**'], Ant [pattern='/webjars/**'], Ant [pattern='/**/favicon.ico'], Ant [pattern='/error']]], []
2018-11-13 17:15:25.190  INFO 10840 --- [    Test worker] o.s.s.web.DefaultSecurityFilterChain     : Creating filter chain: org.springframework.boot.actuate.autoconfigure.ManagementWebSecurityAutoConfiguration$LazyEndpointPathRequestMatcher@5f747ce8, [org.springframework.security.web.context.request.async.WebAsyncManagerIntegrationFilter@11521287, org.springframework.security.web.context.SecurityContextPersistenceFilter@6cd99361, org.springframework.security.web.header.HeaderWriterFilter@36eba788, org.springframework.security.web.authentication.logout.LogoutFilter@4c3d312b, org.springframework.security.web.authentication.www.BasicAuthenticationFilter@4980ed0c, org.springframework.security.web.savedrequest.RequestCacheAwareFilter@5ee812ff, org.springframework.security.web.servletapi.SecurityContextHolderAwareRequestFilter@9cadb67, org.springframework.security.web.authentication.AnonymousAuthenticationFilter@4841c5b5, org.springframework.security.web.session.SessionManagementFilter@4e6a8ce7, org.springframework.security.web.access.ExceptionTranslationFilter@14bc11ec, org.springframework.security.web.access.intercept.FilterSecurityInterceptor@63db3de1]
2018-11-13 17:15:25.197  INFO 10840 --- [    Test worker] o.s.s.web.DefaultSecurityFilterChain     : Creating filter chain: OrRequestMatcher [requestMatchers=[Ant [pattern='/admin-monitor']]], [org.springframework.security.web.context.request.async.WebAsyncManagerIntegrationFilter@6435f74, org.springframework.security.web.context.SecurityContextPersistenceFilter@2a20edbd, org.springframework.security.web.header.HeaderWriterFilter@7ccf3a65, org.springframework.security.web.authentication.logout.LogoutFilter@3828697c, org.springframework.security.web.authentication.www.BasicAuthenticationFilter@15c836c1, org.springframework.security.web.savedrequest.RequestCacheAwareFilter@29815467, org.springframework.security.web.servletapi.SecurityContextHolderAwareRequestFilter@2c185f20, org.springframework.security.web.authentication.AnonymousAuthenticationFilter@749807b9, org.springframework.security.web.session.SessionManagementFilter@421ac7d8, org.springframework.security.web.access.ExceptionTranslationFilter@13520e10, org.springframework.security.web.access.intercept.FilterSecurityInterceptor@518085c1]
2018-11-13 17:15:25.698  INFO 10840 --- [    Test worker] o.s.c.support.DefaultLifecycleProcessor  : Starting beans in phase -2147482648
2018-11-13 17:15:25.698  INFO 10840 --- [    Test worker] o.s.c.support.DefaultLifecycleProcessor  : Starting beans in phase 2147483647
2018-11-13 17:15:25.699  INFO 10840 --- [    Test worker] d.s.w.p.DocumentationPluginsBootstrapper : Context refreshed
2018-11-13 17:15:25.741  INFO 10840 --- [    Test worker] d.s.w.p.DocumentationPluginsBootstrapper : Found 1 custom documentation plugin(s)
2018-11-13 17:15:25.780  INFO 10840 --- [    Test worker] s.d.s.w.s.ApiListingReferenceScanner     : Scanning for api listing references
2018-11-13 17:15:26.011  INFO 10840 --- [    Test worker] c.ccuk.AuditLogProducerApplicationTests  : Started AuditLogProducerApplicationTests in 8.347 seconds (JVM running for 11.058)
]]></system-out>
  <system-err><![CDATA[]]></system-err>
</testsuite>
