<?xml version="1.0" encoding="UTF-8"?>
<testsuite name="com.ccuk.resource.AuditLogResourceTest" tests="1" skipped="0" failures="0" errors="0" timestamp="2018-11-13T17:15:27" hostname="UKCCOL0403WOK" time="0.288">
  <properties/>
  <testcase name="shouldPostAuditLogs" classname="com.ccuk.resource.AuditLogResourceTest" time="0.288"/>
  <system-out><![CDATA[2018-11-13 17:15:26.096  INFO 10840 --- [    Test worker] .b.t.a.w.s.WebMvcTestContextBootstrapper : Neither @ContextConfiguration nor @ContextHierarchy found for test class [com.ccuk.resource.AuditLogResourceTest], using SpringBootContextLoader
2018-11-13 17:15:26.097  INFO 10840 --- [    Test worker] o.s.t.c.support.AbstractContextLoader    : Could not detect default resource locations for test class [com.ccuk.resource.AuditLogResourceTest]: no resource found for suffixes {-context.xml, Context.groovy}.
2018-11-13 17:15:26.097  INFO 10840 --- [    Test worker] t.c.s.AnnotationConfigContextLoaderUtils : Could not detect default configuration classes for test class [com.ccuk.resource.AuditLogResourceTest]: AuditLogResourceTest does not declare any static, non-private, non-final, nested classes annotated with @Configuration.
2018-11-13 17:15:26.148  INFO 10840 --- [    Test worker] .b.t.c.SpringBootTestContextBootstrapper : Found @SpringBootConfiguration com.ccuk.AuditLogProducerApplication for test class com.ccuk.resource.AuditLogResourceTest
2018-11-13 17:15:26.161  INFO 10840 --- [    Test worker] .b.t.a.w.s.WebMvcTestContextBootstrapper : Loaded default TestExecutionListener class names from location [META-INF/spring.factories]: [org.springframework.boot.test.autoconfigure.restdocs.RestDocsTestExecutionListener, org.springframework.boot.test.autoconfigure.web.client.MockRestServiceServerResetTestExecutionListener, org.springframework.boot.test.autoconfigure.web.servlet.MockMvcPrintOnlyOnFailureTestExecutionListener, org.springframework.boot.test.autoconfigure.web.servlet.WebDriverTestExecutionListener, org.springframework.boot.test.mock.mockito.MockitoTestExecutionListener, org.springframework.boot.test.mock.mockito.ResetMocksTestExecutionListener, org.springframework.test.context.web.ServletTestExecutionListener, org.springframework.test.context.support.DirtiesContextBeforeModesTestExecutionListener, org.springframework.test.context.support.DependencyInjectionTestExecutionListener, org.springframework.test.context.support.DirtiesContextTestExecutionListener, org.springframework.test.context.transaction.TransactionalTestExecutionListener, org.springframework.test.context.jdbc.SqlScriptsTestExecutionListener]
2018-11-13 17:15:26.165  INFO 10840 --- [    Test worker] .b.t.a.w.s.WebMvcTestContextBootstrapper : Using TestExecutionListeners: [org.springframework.test.context.web.ServletTestExecutionListener@2322dec, org.springframework.test.context.support.DirtiesContextBeforeModesTestExecutionListener@22fe75eb, org.springframework.boot.test.autoconfigure.SpringBootDependencyInjectionTestExecutionListener@70548766, org.springframework.test.context.support.DirtiesContextTestExecutionListener@1fa0df36, org.springframework.test.context.transaction.TransactionalTestExecutionListener@c6ecc63, org.springframework.test.context.jdbc.SqlScriptsTestExecutionListener@5deea128, org.springframework.boot.test.autoconfigure.restdocs.RestDocsTestExecutionListener@9557244, org.springframework.boot.test.autoconfigure.web.servlet.WebDriverTestExecutionListener@10155537, org.springframework.boot.test.autoconfigure.web.client.MockRestServiceServerResetTestExecutionListener@6ae29e82, org.springframework.boot.test.autoconfigure.web.servlet.MockMvcPrintOnlyOnFailureTestExecutionListener@422d9517, org.springframework.boot.test.mock.mockito.ResetMocksTestExecutionListener@60c80844, org.springframework.boot.test.mock.mockito.MockitoTestExecutionListener@5a4e5587]

  .   ____          _            __ _ _
 /\\ / ___'_ __ _ _(_)_ __  __ _ \ \ \ \
( ( )\___ | '_ | '_| | '_ \/ _` | \ \ \ \
 \\/  ___)| |_)| | | | | || (_| |  ) ) ) )
  '  |____| .__|_| |_|_| |_\__, | / / / /
 =========|_|==============|___/=/_/_/_/
 :: Spring Boot ::        (v1.5.4.RELEASE)

2018-11-13 17:15:26.238  INFO 10840 --- [    Test worker] com.ccuk.resource.AuditLogResourceTest   : Starting AuditLogResourceTest on UKCCOL0403WOK with PID 10840 (started by ukccs1dna in C:\CCUKCMS\audit-log-producer)
2018-11-13 17:15:26.239  INFO 10840 --- [    Test worker] com.ccuk.resource.AuditLogResourceTest   : No active profile set, falling back to default profiles: default
2018-11-13 17:15:26.244  INFO 10840 --- [    Test worker] o.s.w.c.s.GenericWebApplicationContext   : Refreshing org.springframework.web.context.support.GenericWebApplicationContext@9936861: startup date [Tue Nov 13 17:15:26 GMT 2018]; root of context hierarchy
2018-11-13 17:15:26.939  INFO 10840 --- [    Test worker] s.w.s.m.m.a.RequestMappingHandlerAdapter : Looking for @ControllerAdvice: org.springframework.web.context.support.GenericWebApplicationContext@9936861: startup date [Tue Nov 13 17:15:26 GMT 2018]; root of context hierarchy
2018-11-13 17:15:26.958  INFO 10840 --- [    Test worker] s.w.s.m.m.a.RequestMappingHandlerMapping : Mapped "{[/audit-queue-service/auditlog],methods=[POST]}" onto public org.springframework.http.ResponseEntity<?> com.ccuk.resource.AuditLogResource.postAuditLog(com.ccuk.model.AuditLog)
2018-11-13 17:15:26.960  INFO 10840 --- [    Test worker] s.w.s.m.m.a.RequestMappingHandlerMapping : Mapped "{[/error]}" onto public org.springframework.http.ResponseEntity<java.util.Map<java.lang.String, java.lang.Object>> org.springframework.boot.autoconfigure.web.BasicErrorController.error(javax.servlet.http.HttpServletRequest)
2018-11-13 17:15:26.960  INFO 10840 --- [    Test worker] s.w.s.m.m.a.RequestMappingHandlerMapping : Mapped "{[/error],produces=[text/html]}" onto public org.springframework.web.servlet.ModelAndView org.springframework.boot.autoconfigure.web.BasicErrorController.errorHtml(javax.servlet.http.HttpServletRequest,javax.servlet.http.HttpServletResponse)
2018-11-13 17:15:26.989  INFO 10840 --- [    Test worker] o.s.w.s.handler.SimpleUrlHandlerMapping  : Mapped URL path [/webjars/**] onto handler of type [class org.springframework.web.servlet.resource.ResourceHttpRequestHandler]
2018-11-13 17:15:26.990  INFO 10840 --- [    Test worker] o.s.w.s.handler.SimpleUrlHandlerMapping  : Mapped URL path [/**] onto handler of type [class org.springframework.web.servlet.resource.ResourceHttpRequestHandler]
2018-11-13 17:15:27.023  INFO 10840 --- [    Test worker] o.s.w.s.handler.SimpleUrlHandlerMapping  : Mapped URL path [/**/favicon.ico] onto handler of type [class org.springframework.web.servlet.resource.ResourceHttpRequestHandler]
2018-11-13 17:15:27.207  INFO 10840 --- [    Test worker] b.a.s.AuthenticationManagerConfiguration : 

Using default security password: 1bc97346-5dfc-4466-b15e-380314ad7502

2018-11-13 17:15:27.221  INFO 10840 --- [    Test worker] o.s.s.web.DefaultSecurityFilterChain     : Creating filter chain: OrRequestMatcher [requestMatchers=[Ant [pattern='/css/**'], Ant [pattern='/js/**'], Ant [pattern='/images/**'], Ant [pattern='/webjars/**'], Ant [pattern='/**/favicon.ico'], Ant [pattern='/error']]], []
2018-11-13 17:15:27.306  INFO 10840 --- [    Test worker] o.s.s.web.DefaultSecurityFilterChain     : Creating filter chain: OrRequestMatcher [requestMatchers=[Ant [pattern='/admin-monitor']]], [org.springframework.security.web.context.request.async.WebAsyncManagerIntegrationFilter@450d39f2, org.springframework.security.web.context.SecurityContextPersistenceFilter@47494544, org.springframework.security.web.header.HeaderWriterFilter@66cf8e8, org.springframework.security.web.authentication.logout.LogoutFilter@3007a8d5, org.springframework.security.web.authentication.www.BasicAuthenticationFilter@3d69b8f4, org.springframework.security.web.savedrequest.RequestCacheAwareFilter@22f8e722, org.springframework.security.web.servletapi.SecurityContextHolderAwareRequestFilter@4332f02d, org.springframework.security.web.authentication.AnonymousAuthenticationFilter@1c37fb5a, org.springframework.security.web.session.SessionManagementFilter@4576d608, org.springframework.security.web.access.ExceptionTranslationFilter@7a63f6f1, org.springframework.security.web.access.intercept.FilterSecurityInterceptor@71b85fb0]
2018-11-13 17:15:27.333  INFO 10840 --- [    Test worker] o.s.b.t.m.w.SpringBootMockServletContext : Initializing Spring FrameworkServlet ''
2018-11-13 17:15:27.333  INFO 10840 --- [    Test worker] o.s.t.web.servlet.TestDispatcherServlet  : FrameworkServlet '': initialization started
2018-11-13 17:15:27.352  INFO 10840 --- [    Test worker] o.s.t.web.servlet.TestDispatcherServlet  : FrameworkServlet '': initialization completed in 19 ms
2018-11-13 17:15:27.431  INFO 10840 --- [    Test worker] com.ccuk.resource.AuditLogResourceTest   : Started AuditLogResourceTest in 1.255 seconds (JVM running for 12.478)
2018-11-13 17:15:27.675  INFO 10840 --- [    Test worker] com.ccuk.resource.AuditLogResource       : Received Audit Log request for France : AuditLog [id=E4assNGes0, uniqueId=lIn9QFnVO2, annexFileName=hne3Q_ItF7, annexStatus=true, scheduleFileName=ayRD2DOUbN, scheduleStatus=true, username=BPTA15msYA, system=KJBBEv8kaA, submittedDateTime=Tue Nov 13 17:15:27 GMT 2018, dateScheduled=[Tue Nov 13 00:00:00 GMT 2018, Tue Nov 13 00:00:00 GMT 2018, Tue Nov 13 00:00:00 GMT 2018, Tue Nov 13 00:00:00 GMT 2018, Tue Nov 13 00:00:00 GMT 2018], countryCode=UK]
]]></system-out>
  <system-err><![CDATA[]]></system-err>
</testsuite>
