<?xml version="1.0" encoding="UTF-8"?>
<testsuite name="com.ccuk.services.AuditLogServiceTest" tests="1" skipped="0" failures="0" errors="0" timestamp="2018-11-13T17:15:27" hostname="UKCCOL0403WOK" time="0.007">
  <properties/>
  <testcase name="verifyPostAuditLogData" classname="com.ccuk.services.AuditLogServiceTest" time="0.007"/>
  <system-out><![CDATA[2018-11-13 17:15:27.730  INFO 10840 --- [    Test worker] o.s.t.c.s.DefaultTestContextBootstrapper : Neither @ContextConfiguration nor @ContextHierarchy found for test class [com.ccuk.services.AuditLogServiceTest], using DelegatingSmartContextLoader
2018-11-13 17:15:27.732  INFO 10840 --- [    Test worker] o.s.t.c.support.AbstractContextLoader    : Could not detect default resource locations for test class [com.ccuk.services.AuditLogServiceTest]: no resource found for suffixes {-context.xml}.
2018-11-13 17:15:27.733  INFO 10840 --- [    Test worker] t.c.s.AnnotationConfigContextLoaderUtils : Could not detect default configuration classes for test class [com.ccuk.services.AuditLogServiceTest]: AuditLogServiceTest does not declare any static, non-private, non-final, nested classes annotated with @Configuration.
2018-11-13 17:15:27.738  INFO 10840 --- [    Test worker] o.s.t.c.s.DefaultTestContextBootstrapper : Loaded default TestExecutionListener class names from location [META-INF/spring.factories]: [org.springframework.boot.test.autoconfigure.restdocs.RestDocsTestExecutionListener, org.springframework.boot.test.autoconfigure.web.client.MockRestServiceServerResetTestExecutionListener, org.springframework.boot.test.autoconfigure.web.servlet.MockMvcPrintOnlyOnFailureTestExecutionListener, org.springframework.boot.test.autoconfigure.web.servlet.WebDriverTestExecutionListener, org.springframework.boot.test.mock.mockito.MockitoTestExecutionListener, org.springframework.boot.test.mock.mockito.ResetMocksTestExecutionListener, org.springframework.test.context.web.ServletTestExecutionListener, org.springframework.test.context.support.DirtiesContextBeforeModesTestExecutionListener, org.springframework.test.context.support.DependencyInjectionTestExecutionListener, org.springframework.test.context.support.DirtiesContextTestExecutionListener, org.springframework.test.context.transaction.TransactionalTestExecutionListener, org.springframework.test.context.jdbc.SqlScriptsTestExecutionListener]
2018-11-13 17:15:27.740  INFO 10840 --- [    Test worker] o.s.t.c.s.DefaultTestContextBootstrapper : Using TestExecutionListeners: [org.springframework.test.context.web.ServletTestExecutionListener@3745ef7b, org.springframework.test.context.support.DirtiesContextBeforeModesTestExecutionListener@55b39f64, org.springframework.test.context.support.DependencyInjectionTestExecutionListener@62141b39, org.springframework.test.context.support.DirtiesContextTestExecutionListener@6108a64a, org.springframework.test.context.transaction.TransactionalTestExecutionListener@792eb327, org.springframework.test.context.jdbc.SqlScriptsTestExecutionListener@302f5bd9, org.springframework.boot.test.autoconfigure.restdocs.RestDocsTestExecutionListener@72205336, org.springframework.boot.test.autoconfigure.web.servlet.WebDriverTestExecutionListener@56be91ce, org.springframework.boot.test.autoconfigure.web.client.MockRestServiceServerResetTestExecutionListener@5a85b7b5, org.springframework.boot.test.autoconfigure.web.servlet.MockMvcPrintOnlyOnFailureTestExecutionListener@10bedeaf, org.springframework.boot.test.mock.mockito.ResetMocksTestExecutionListener@6077966d, org.springframework.boot.test.mock.mockito.MockitoTestExecutionListener@42655b4c]
2018-11-13 17:15:27.743  INFO 10840 --- [    Test worker] o.s.c.support.GenericApplicationContext  : Refreshing org.springframework.context.support.GenericApplicationContext@352a64aa: startup date [Tue Nov 13 17:15:27 GMT 2018]; root of context hierarchy
2018-11-13 17:15:27.860  INFO 10840 --- [    Test worker] com.ccuk.services.AuditLogService        : Pushed Audit Log details to queue : AuditLog [id=nofjcVhsaI, uniqueId=qOGuqhL311, annexFileName=pbn7yWemhI, annexStatus=true, scheduleFileName=IOP6TftZSK, scheduleStatus=true, username=mLQkXZ1GLx, system=W7UJ3vR4cZ, submittedDateTime=Tue Nov 13 17:15:27 GMT 2018, dateScheduled=[Tue Nov 13 17:15:27 GMT 2018, Tue Nov 13 17:15:27 GMT 2018, Tue Nov 13 17:15:27 GMT 2018, Tue Nov 13 17:15:27 GMT 2018, Tue Nov 13 17:15:27 GMT 2018], countryCode=UK]
]]></system-out>
  <system-err><![CDATA[]]></system-err>
</testsuite>
